<?xml version="1.0" encoding="UTF-8"?>
<!-- Generated by org.testng.reporters.JUnitXMLReporter -->
<testsuite ignored="0" hostname="DESKTOP-V76S8CV" failures="0" tests="14" name="Test" time="193.383" errors="0" timestamp="2022-09-28T15:26:27 IST">
  <testcase classname="com.bw.qa.testcases.HomePageTest" name="verifyHomePageTest" time="0.052"/>
  <testcase classname="com.bw.qa.testcases.HomePageTest" name="verifyuserPersonalSettings" time="0.202"/>
  <testcase classname="com.bw.qa.testcases.HomePageTest" name="verifyMyOrders" time="0.131"/>
  <testcase classname="com.bw.qa.testcases.AddAddressTest" name="AddAddress" time="3.233"/>
  <testcase classname="com.bw.qa.testcases.SearchBookPageTest" name="verifySearchPageTest" time="10.835"/>
  <testcase classname="com.bw.qa.testcases.SearchBookPageTest" name="validateSearchPageTitle" time="0.019"/>
  <testcase classname="com.bw.qa.testcases.WishListPageTest" name="feature_authTest" time="12.743"/>
  <testcase classname="com.bw.qa.testcases.WishListPageTest" name="search_BookNameTest" time="7.088"/>
  <testcase classname="com.bw.qa.testcases.WishListPageTest" name="addWishlist_AuthorNameTest" time="8.676"/>
  <testcase classname="com.bw.qa.testcases.WishListPageTest" name="addWishlist_PublisherTest" time="5.588"/>
  <testcase classname="com.bw.qa.testcases.WishListPageTest" name="wishlist_Test" time="3.396"/>
  <testcase classname="com.bw.qa.testcases.LoginPageTest" name="loginPageUrlTest" time="0.01"/>
  <testcase classname="com.bw.qa.testcases.LoginPageTest" name="loginTest" time="3.026"/>
  <testcase classname="com.bw.qa.testcases.LoginPageTest" name="loginPageTitleTest" time="0.017"/>
</testsuite> <!-- Test -->
