<?xml version="1.0" encoding="UTF-8"?>
<!-- Generated by org.testng.reporters.JUnitXMLReporter -->
<testsuite ignored="0" hostname="DESKTOP-V76S8CV" failures="0" tests="2" name="Default test" time="29.215" errors="0" timestamp="2022-09-28T15:10:02 IST">
  <testcase classname="com.bw.qa.testcases.SearchBookPageTest" name="verifySearchPageTest" time="11.965"/>
  <testcase classname="com.bw.qa.testcases.SearchBookPageTest" name="validateSearchPageTitle" time="0.182"/>
</testsuite> <!-- Default test -->
