<?xml version="1.0" encoding="UTF-8"?>
<testng-results ignored="0" total="14" passed="14" failed="0" skipped="0">
  <reporter-output>
  </reporter-output>
  <suite started-at="2022-09-28T15:23:13 IST" name="Suite" finished-at="2022-09-28T15:26:27 IST" duration-ms="193383">
    <groups>
    </groups>
    <test started-at="2022-09-28T15:23:13 IST" name="Test" finished-at="2022-09-28T15:26:27 IST" duration-ms="193383">
      <class name="com.bw.qa.testcases.AddAddressTest">
        <test-method is-config="true" signature="setUp()[pri:0, instance:com.bw.qa.testcases.AddAddressTest@1972e513]" started-at="2022-09-28T15:23:42 IST" name="setUp" finished-at="2022-09-28T15:23:49 IST" duration-ms="6975" status="PASS">
          <reporter-output>
          </reporter-output>
        </test-method> <!-- setUp -->
        <test-method signature="AddAddress(java.lang.String,java.lang.String,java.lang.String,java.lang.String,java.lang.String,java.lang.String,java.lang.String)[pri:0, instance:com.bw.qa.testcases.AddAddressTest@1972e513]" started-at="2022-09-28T15:23:49 IST" name="AddAddress" data-provider="getLoginTestData" finished-at="2022-09-28T15:23:52 IST" duration-ms="3233" status="PASS">
          <params>
            <param index="0">
              <value>
                <![CDATA[vamshi]]>
              </value>
            </param>
            <param index="1">
              <value>
                <![CDATA[kengeri]]>
              </value>
            </param>
            <param index="2">
              <value>
                <![CDATA[India]]>
              </value>
            </param>
            <param index="3">
              <value>
                <![CDATA[Karnataka]]>
              </value>
            </param>
            <param index="4">
              <value>
                <![CDATA[Bellary]]>
              </value>
            </param>
            <param index="5">
              <value>
                <![CDATA[562109.0]]>
              </value>
            </param>
            <param index="6">
              <value>
                <![CDATA[8.888889999E9]]>
              </value>
            </param>
          </params>
          <reporter-output>
          </reporter-output>
        </test-method> <!-- AddAddress -->
        <test-method is-config="true" signature="tearDown()[pri:0, instance:com.bw.qa.testcases.AddAddressTest@1972e513]" started-at="2022-09-28T15:23:52 IST" name="tearDown" finished-at="2022-09-28T15:23:53 IST" duration-ms="1164" status="PASS">
          <reporter-output>
          </reporter-output>
        </test-method> <!-- tearDown -->
      </class> <!-- com.bw.qa.testcases.AddAddressTest -->
      <class name="com.bw.qa.testcases.HomePageTest">
        <test-method is-config="true" signature="setUp()[pri:0, instance:com.bw.qa.testcases.HomePageTest@2767e23c]" started-at="2022-09-28T15:23:14 IST" name="setUp" finished-at="2022-09-28T15:23:23 IST" duration-ms="9668" status="PASS">
          <reporter-output>
          </reporter-output>
        </test-method> <!-- setUp -->
        <test-method signature="verifyHomePageTest()[pri:1, instance:com.bw.qa.testcases.HomePageTest@2767e23c]" started-at="2022-09-28T15:23:23 IST" name="verifyHomePageTest" finished-at="2022-09-28T15:23:23 IST" duration-ms="52" status="PASS">
          <reporter-output>
          </reporter-output>
        </test-method> <!-- verifyHomePageTest -->
        <test-method is-config="true" signature="tearDown()[pri:0, instance:com.bw.qa.testcases.HomePageTest@2767e23c]" started-at="2022-09-28T15:23:23 IST" name="tearDown" finished-at="2022-09-28T15:23:24 IST" duration-ms="399" status="PASS">
          <reporter-output>
          </reporter-output>
        </test-method> <!-- tearDown -->
        <test-method is-config="true" signature="setUp()[pri:0, instance:com.bw.qa.testcases.HomePageTest@2767e23c]" started-at="2022-09-28T15:23:24 IST" name="setUp" finished-at="2022-09-28T15:23:33 IST" duration-ms="8910" status="PASS">
          <reporter-output>
          </reporter-output>
        </test-method> <!-- setUp -->
        <test-method signature="verifyuserPersonalSettings()[pri:2, instance:com.bw.qa.testcases.HomePageTest@2767e23c]" started-at="2022-09-28T15:23:33 IST" name="verifyuserPersonalSettings" finished-at="2022-09-28T15:23:33 IST" duration-ms="202" status="PASS">
          <reporter-output>
          </reporter-output>
        </test-method> <!-- verifyuserPersonalSettings -->
        <test-method is-config="true" signature="tearDown()[pri:0, instance:com.bw.qa.testcases.HomePageTest@2767e23c]" started-at="2022-09-28T15:23:33 IST" name="tearDown" finished-at="2022-09-28T15:23:33 IST" duration-ms="384" status="PASS">
          <reporter-output>
          </reporter-output>
        </test-method> <!-- tearDown -->
        <test-method is-config="true" signature="setUp()[pri:0, instance:com.bw.qa.testcases.HomePageTest@2767e23c]" started-at="2022-09-28T15:23:33 IST" name="setUp" finished-at="2022-09-28T15:23:41 IST" duration-ms="7411" status="PASS">
          <reporter-output>
          </reporter-output>
        </test-method> <!-- setUp -->
        <test-method signature="verifyMyOrders()[pri:3, instance:com.bw.qa.testcases.HomePageTest@2767e23c]" started-at="2022-09-28T15:23:41 IST" name="verifyMyOrders" finished-at="2022-09-28T15:23:41 IST" duration-ms="131" status="PASS">
          <reporter-output>
          </reporter-output>
        </test-method> <!-- verifyMyOrders -->
        <test-method is-config="true" signature="tearDown()[pri:0, instance:com.bw.qa.testcases.HomePageTest@2767e23c]" started-at="2022-09-28T15:23:41 IST" name="tearDown" finished-at="2022-09-28T15:23:41 IST" duration-ms="461" status="PASS">
          <reporter-output>
          </reporter-output>
        </test-method> <!-- tearDown -->
      </class> <!-- com.bw.qa.testcases.HomePageTest -->
      <class name="com.bw.qa.testcases.WishListPageTest">
        <test-method is-config="true" signature="setUp()[pri:0, instance:com.bw.qa.testcases.WishListPageTest@4b8d604b]" started-at="2022-09-28T15:24:23 IST" name="setUp" finished-at="2022-09-28T15:24:28 IST" duration-ms="4966" status="PASS">
          <reporter-output>
          </reporter-output>
        </test-method> <!-- setUp -->
        <test-method signature="feature_authTest()[pri:1, instance:com.bw.qa.testcases.WishListPageTest@4b8d604b]" started-at="2022-09-28T15:24:28 IST" name="feature_authTest" finished-at="2022-09-28T15:24:40 IST" duration-ms="12743" status="PASS">
          <reporter-output>
          </reporter-output>
        </test-method> <!-- feature_authTest -->
        <test-method is-config="true" signature="tearDown()[pri:0, instance:com.bw.qa.testcases.WishListPageTest@4b8d604b]" started-at="2022-09-28T15:24:40 IST" name="tearDown" finished-at="2022-09-28T15:24:47 IST" duration-ms="6235" status="PASS">
          <reporter-output>
          </reporter-output>
        </test-method> <!-- tearDown -->
        <test-method is-config="true" signature="setUp()[pri:0, instance:com.bw.qa.testcases.WishListPageTest@4b8d604b]" started-at="2022-09-28T15:24:47 IST" name="setUp" finished-at="2022-09-28T15:24:55 IST" duration-ms="7813" status="PASS">
          <reporter-output>
          </reporter-output>
        </test-method> <!-- setUp -->
        <test-method signature="search_BookNameTest()[pri:2, instance:com.bw.qa.testcases.WishListPageTest@4b8d604b]" started-at="2022-09-28T15:24:55 IST" name="search_BookNameTest" finished-at="2022-09-28T15:25:02 IST" duration-ms="7088" status="PASS">
          <reporter-output>
          </reporter-output>
        </test-method> <!-- search_BookNameTest -->
        <test-method is-config="true" signature="tearDown()[pri:0, instance:com.bw.qa.testcases.WishListPageTest@4b8d604b]" started-at="2022-09-28T15:25:02 IST" name="tearDown" finished-at="2022-09-28T15:25:07 IST" duration-ms="5268" status="PASS">
          <reporter-output>
          </reporter-output>
        </test-method> <!-- tearDown -->
        <test-method is-config="true" signature="setUp()[pri:0, instance:com.bw.qa.testcases.WishListPageTest@4b8d604b]" started-at="2022-09-28T15:25:07 IST" name="setUp" finished-at="2022-09-28T15:25:13 IST" duration-ms="5855" status="PASS">
          <reporter-output>
          </reporter-output>
        </test-method> <!-- setUp -->
        <test-method signature="addWishlist_AuthorNameTest()[pri:3, instance:com.bw.qa.testcases.WishListPageTest@4b8d604b]" started-at="2022-09-28T15:25:13 IST" name="addWishlist_AuthorNameTest" finished-at="2022-09-28T15:25:21 IST" duration-ms="8676" status="PASS">
          <reporter-output>
          </reporter-output>
        </test-method> <!-- addWishlist_AuthorNameTest -->
        <test-method is-config="true" signature="tearDown()[pri:0, instance:com.bw.qa.testcases.WishListPageTest@4b8d604b]" started-at="2022-09-28T15:25:21 IST" name="tearDown" finished-at="2022-09-28T15:25:27 IST" duration-ms="5308" status="PASS">
          <reporter-output>
          </reporter-output>
        </test-method> <!-- tearDown -->
        <test-method is-config="true" signature="setUp()[pri:0, instance:com.bw.qa.testcases.WishListPageTest@4b8d604b]" started-at="2022-09-28T15:25:27 IST" name="setUp" finished-at="2022-09-28T15:25:37 IST" duration-ms="10246" status="PASS">
          <reporter-output>
          </reporter-output>
        </test-method> <!-- setUp -->
        <test-method signature="addWishlist_PublisherTest()[pri:4, instance:com.bw.qa.testcases.WishListPageTest@4b8d604b]" started-at="2022-09-28T15:25:37 IST" name="addWishlist_PublisherTest" finished-at="2022-09-28T15:25:43 IST" duration-ms="5588" status="PASS">
          <reporter-output>
          </reporter-output>
        </test-method> <!-- addWishlist_PublisherTest -->
        <test-method is-config="true" signature="tearDown()[pri:0, instance:com.bw.qa.testcases.WishListPageTest@4b8d604b]" started-at="2022-09-28T15:25:43 IST" name="tearDown" finished-at="2022-09-28T15:25:48 IST" duration-ms="5302" status="PASS">
          <reporter-output>
          </reporter-output>
        </test-method> <!-- tearDown -->
        <test-method is-config="true" signature="setUp()[pri:0, instance:com.bw.qa.testcases.WishListPageTest@4b8d604b]" started-at="2022-09-28T15:25:48 IST" name="setUp" finished-at="2022-09-28T15:25:53 IST" duration-ms="5264" status="PASS">
          <reporter-output>
          </reporter-output>
        </test-method> <!-- setUp -->
        <test-method signature="wishlist_Test()[pri:5, instance:com.bw.qa.testcases.WishListPageTest@4b8d604b]" started-at="2022-09-28T15:25:53 IST" name="wishlist_Test" finished-at="2022-09-28T15:25:57 IST" duration-ms="3396" status="PASS">
          <reporter-output>
          </reporter-output>
        </test-method> <!-- wishlist_Test -->
        <test-method is-config="true" signature="tearDown()[pri:0, instance:com.bw.qa.testcases.WishListPageTest@4b8d604b]" started-at="2022-09-28T15:25:57 IST" name="tearDown" finished-at="2022-09-28T15:26:02 IST" duration-ms="5261" status="PASS">
          <reporter-output>
          </reporter-output>
        </test-method> <!-- tearDown -->
      </class> <!-- com.bw.qa.testcases.WishListPageTest -->
      <class name="com.bw.qa.testcases.SearchBookPageTest">
        <test-method is-config="true" signature="setUp()[pri:0, instance:com.bw.qa.testcases.SearchBookPageTest@5fb759d6]" started-at="2022-09-28T15:23:53 IST" name="setUp" finished-at="2022-09-28T15:24:02 IST" duration-ms="8188" status="PASS">
          <reporter-output>
          </reporter-output>
        </test-method> <!-- setUp -->
        <test-method signature="verifySearchPageTest()[pri:1, instance:com.bw.qa.testcases.SearchBookPageTest@5fb759d6]" started-at="2022-09-28T15:24:02 IST" name="verifySearchPageTest" finished-at="2022-09-28T15:24:12 IST" duration-ms="10835" status="PASS">
          <reporter-output>
          </reporter-output>
        </test-method> <!-- verifySearchPageTest -->
        <test-method is-config="true" signature="tearDown()[pri:0, instance:com.bw.qa.testcases.SearchBookPageTest@5fb759d6]" started-at="2022-09-28T15:24:12 IST" name="tearDown" finished-at="2022-09-28T15:24:13 IST" duration-ms="316" status="PASS">
          <reporter-output>
          </reporter-output>
        </test-method> <!-- tearDown -->
        <test-method is-config="true" signature="setUp()[pri:0, instance:com.bw.qa.testcases.SearchBookPageTest@5fb759d6]" started-at="2022-09-28T15:24:13 IST" name="setUp" finished-at="2022-09-28T15:24:18 IST" duration-ms="5223" status="PASS">
          <reporter-output>
          </reporter-output>
        </test-method> <!-- setUp -->
        <test-method signature="validateSearchPageTitle()[pri:2, instance:com.bw.qa.testcases.SearchBookPageTest@5fb759d6]" started-at="2022-09-28T15:24:18 IST" name="validateSearchPageTitle" finished-at="2022-09-28T15:24:18 IST" duration-ms="19" status="PASS">
          <reporter-output>
          </reporter-output>
        </test-method> <!-- validateSearchPageTitle -->
        <test-method is-config="true" signature="tearDown()[pri:0, instance:com.bw.qa.testcases.SearchBookPageTest@5fb759d6]" started-at="2022-09-28T15:24:18 IST" name="tearDown" finished-at="2022-09-28T15:24:23 IST" duration-ms="4792" status="PASS">
          <reporter-output>
          </reporter-output>
        </test-method> <!-- tearDown -->
      </class> <!-- com.bw.qa.testcases.SearchBookPageTest -->
      <class name="com.bw.qa.testcases.LoginPageTest">
        <test-method is-config="true" signature="setUp()[pri:0, instance:com.bw.qa.testcases.LoginPageTest@5e7cd6cc]" started-at="2022-09-28T15:26:02 IST" name="setUp" finished-at="2022-09-28T15:26:06 IST" duration-ms="4016" status="PASS">
          <reporter-output>
          </reporter-output>
        </test-method> <!-- setUp -->
        <test-method signature="loginPageUrlTest()[pri:1, instance:com.bw.qa.testcases.LoginPageTest@5e7cd6cc]" started-at="2022-09-28T15:26:06 IST" name="loginPageUrlTest" finished-at="2022-09-28T15:26:06 IST" duration-ms="10" status="PASS">
          <reporter-output>
          </reporter-output>
        </test-method> <!-- loginPageUrlTest -->
        <test-method is-config="true" signature="tearDown()[pri:0, instance:com.bw.qa.testcases.LoginPageTest@5e7cd6cc]" started-at="2022-09-28T15:26:06 IST" name="tearDown" finished-at="2022-09-28T15:26:08 IST" duration-ms="2471" status="PASS">
          <reporter-output>
          </reporter-output>
        </test-method> <!-- tearDown -->
        <test-method is-config="true" signature="setUp()[pri:0, instance:com.bw.qa.testcases.LoginPageTest@5e7cd6cc]" started-at="2022-09-28T15:26:08 IST" name="setUp" finished-at="2022-09-28T15:26:13 IST" duration-ms="4411" status="PASS">
          <reporter-output>
          </reporter-output>
        </test-method> <!-- setUp -->
        <test-method signature="loginTest()[pri:2, instance:com.bw.qa.testcases.LoginPageTest@5e7cd6cc]" started-at="2022-09-28T15:26:13 IST" name="loginTest" finished-at="2022-09-28T15:26:16 IST" duration-ms="3026" status="PASS">
          <reporter-output>
          </reporter-output>
        </test-method> <!-- loginTest -->
        <test-method is-config="true" signature="tearDown()[pri:0, instance:com.bw.qa.testcases.LoginPageTest@5e7cd6cc]" started-at="2022-09-28T15:26:16 IST" name="tearDown" finished-at="2022-09-28T15:26:18 IST" duration-ms="2047" status="PASS">
          <reporter-output>
          </reporter-output>
        </test-method> <!-- tearDown -->
        <test-method is-config="true" signature="setUp()[pri:0, instance:com.bw.qa.testcases.LoginPageTest@5e7cd6cc]" started-at="2022-09-28T15:26:18 IST" name="setUp" finished-at="2022-09-28T15:26:22 IST" duration-ms="3884" status="PASS">
          <reporter-output>
          </reporter-output>
        </test-method> <!-- setUp -->
        <test-method signature="loginPageTitleTest()[pri:3, instance:com.bw.qa.testcases.LoginPageTest@5e7cd6cc]" started-at="2022-09-28T15:26:22 IST" name="loginPageTitleTest" finished-at="2022-09-28T15:26:22 IST" duration-ms="17" status="PASS">
          <reporter-output>
          </reporter-output>
        </test-method> <!-- loginPageTitleTest -->
        <test-method is-config="true" signature="tearDown()[pri:0, instance:com.bw.qa.testcases.LoginPageTest@5e7cd6cc]" started-at="2022-09-28T15:26:22 IST" name="tearDown" finished-at="2022-09-28T15:26:27 IST" duration-ms="5102" status="PASS">
          <reporter-output>
          </reporter-output>
        </test-method> <!-- tearDown -->
      </class> <!-- com.bw.qa.testcases.LoginPageTest -->
    </test> <!-- Test -->
  </suite> <!-- Suite -->
</testng-results>
